<?xml version="1.0" encoding="UTF-8"?>
<testng-results skipped="0" failed="0" ignored="0" total="0" passed="0">
  <reporter-output>
  </reporter-output>
  <suite name="com.sumup.java.httpserver.MyResourceTest" duration-ms="8" started-at="2020-01-16T15:05:15Z" finished-at="2020-01-16T15:05:15Z">
    <groups>
    </groups>
    <test name="Command line test" duration-ms="8" started-at="2020-01-16T15:05:15Z" finished-at="2020-01-16T15:05:15Z">
    </test> <!-- Command line test -->
  </suite> <!-- com.sumup.java.httpserver.MyResourceTest -->
</testng-results>
